00:11:20.179 [TestNG-tests-1] INFO  io.github.bonigarcia.wdm.WebDriverManager - Exporting webdriver.edge.driver as C:\Users\91995\.cache\selenium\msedgedriver\win64\127.0.2651.98\msedgedriver.exe
00:11:44.542 [TestNG-tests-1] INFO  testBases.LoginTests - ===Login Test===
00:12:03.770 [TestNG-tests-1] INFO  testBases.LoginTests - ===Login Test===
00:13:15.108 [main] INFO  org.testng.internal.Utils - [TestNG] Running:
  C:\Users\91995\git\HybridAutomationFramework_SeleniumJava\HybridAutomationFramework_SeleniumJava\testng.xml

00:13:18.372 [TestNG-tests-1] INFO  io.github.bonigarcia.wdm.WebDriverManager - Using msedgedriver 127.0.2651.98 (resolved driver for Edge 127)
00:13:18.947 [TestNG-tests-1] INFO  io.github.bonigarcia.wdm.WebDriverManager - Exporting webdriver.edge.driver as C:\Users\91995\.cache\selenium\msedgedriver\win64\127.0.2651.98\msedgedriver.exe
00:13:45.856 [TestNG-tests-1] INFO  testBases.LoginTests - ===Login Test===
00:13:52.172 [TestNG-tests-1] INFO  testBases.LoginTests - Login Test Completed
00:13:52.188 [TestNG-tests-1] INFO  testBases.LoginTests - ===Login Test===
00:14:06.458 [TestNG-tests-1] INFO  testBases.LoginTests - Login Test Completed
18:05:54.042 [TestNG-tests-1] INFO  io.github.bonigarcia.wdm.WebDriverManager - Using msedgedriver 127.0.2651.105 (resolved driver for Edge 127)
18:05:54.122 [TestNG-tests-1] INFO  io.github.bonigarcia.wdm.WebDriverManager - Reading https://msedgedriver.azureedge.net/?restype=container&comp=list to seek msedgedriver
18:05:58.573 [TestNG-tests-1] INFO  io.github.bonigarcia.wdm.online.Downloader - Downloading https://msedgewebdriverstorage.blob.core.windows.net/edgewebdriver/127.0.2651.105/edgedriver_win64.zip
18:06:08.604 [TestNG-tests-1] INFO  io.github.bonigarcia.wdm.online.Downloader - Extracting driver from compressed file edgedriver_win64.zip
18:06:09.466 [TestNG-tests-1] INFO  io.github.bonigarcia.wdm.WebDriverManager - Exporting webdriver.edge.driver as C:\Users\91995\.cache\selenium\msedgedriver\win64\127.0.2651.105\msedgedriver.exe
18:06:23.896 [TestNG-tests-1] INFO  testCases.AccountRegister - ===Starting Test Case===
18:06:25.637 [TestNG-tests-1] INFO  testCases.AccountRegister - ===Click My Account===
18:06:26.787 [TestNG-tests-1] INFO  testCases.AccountRegister - ===Click Register Link===
18:06:26.793 [TestNG-tests-1] INFO  testCases.AccountRegister - ===Provide Customer Details===
18:06:31.087 [TestNG-tests-1] INFO  testCases.AccountRegister - ===Validate Expected Message===
18:06:31.242 [TestNG-tests-1] INFO  testCases.AccountRegister - ===Completed Test Case===
19:20:42.830 [TestNG-tests-1] INFO  io.github.bonigarcia.wdm.WebDriverManager - Using msedgedriver 127.0.2651.105 (resolved driver for Edge 127)
19:20:43.159 [TestNG-tests-1] INFO  io.github.bonigarcia.wdm.WebDriverManager - Exporting webdriver.edge.driver as C:\Users\91995\.cache\selenium\msedgedriver\win64\127.0.2651.105\msedgedriver.exe
19:21:11.078 [TestNG-tests-1] INFO  testCases.AccountRegister - ===Starting Test Case===
19:21:12.758 [TestNG-tests-1] INFO  testCases.AccountRegister - ===Click My Account===
19:21:14.610 [TestNG-tests-1] INFO  testCases.AccountRegister - ===Click Register Link===
19:21:14.616 [TestNG-tests-1] INFO  testCases.AccountRegister - ===Provide Customer Details===
19:21:21.299 [TestNG-tests-1] INFO  testCases.AccountRegister - ===Validate Expected Message===
19:21:21.773 [TestNG-tests-1] INFO  testCases.AccountRegister - ===Completed Test Case===
19:23:22.133 [main] INFO  io.github.bonigarcia.wdm.WebDriverManager - Using msedgedriver 127.0.2651.105 (resolved driver for Edge 127)
19:23:22.241 [main] INFO  io.github.bonigarcia.wdm.WebDriverManager - Exporting webdriver.edge.driver as C:\Users\91995\.cache\selenium\msedgedriver\win64\127.0.2651.105\msedgedriver.exe
19:25:26.930 [main] INFO  io.github.bonigarcia.wdm.WebDriverManager - Using msedgedriver 127.0.2651.105 (resolved driver for Edge 127)
19:25:27.005 [main] INFO  io.github.bonigarcia.wdm.WebDriverManager - Exporting webdriver.edge.driver as C:\Users\91995\.cache\selenium\msedgedriver\win64\127.0.2651.105\msedgedriver.exe
19:25:37.973 [main] INFO  testCases.AccountRegister - ===Starting Test Case===
19:25:40.635 [main] INFO  testCases.AccountRegister - ===Click My Account===
19:25:41.750 [main] INFO  testCases.AccountRegister - ===Click Register Link===
19:25:41.754 [main] INFO  testCases.AccountRegister - ===Provide Customer Details===
19:25:45.740 [main] INFO  testCases.AccountRegister - ===Validate Expected Message===
19:25:46.051 [main] INFO  testCases.AccountRegister - ===Completed Test Case===
20:30:50.826 [main] INFO  testCases.AccountRegister - ===Starting Test Case===
20:31:36.736 [main] INFO  testCases.AccountRegister - ===Starting Test Case===
20:32:32.782 [main] INFO  testCases.AccountRegister - ===Starting Test Case===
20:32:56.491 [main] INFO  testCases.AccountRegister - ===Starting Test Case===
20:34:23.712 [main] INFO  testCases.AccountRegister - ===Starting Test Case===
